<?xml version="1.0" encoding="UTF-8"?>
<!-- Generated by org.testng.reporters.JUnitReportReporter -->
<testsuite hostname="HpPoonam" failures="0" tests="1" name="LearnTestNG.PingGoogle" time="6.593" errors="0" timestamp="6 May 2024 15:50:44 GMT">
  <testcase classname="LearnTestNG.PingGoogle" name="pingGoogle" time="6.593"/>
</testsuite> <!-- LearnTestNG.PingGoogle -->
