<?xml version="1.0" encoding="UTF-8"?>
<!-- Generated by org.testng.reporters.JUnitReportReporter -->
<testsuite hostname="HpPoonam" failures="0" tests="1" name="A.Third" time="0.008" errors="0" timestamp="7 May 2024 16:55:43 GMT">
  <testcase classname="A.Third" name="m6" time="0.008"/>
</testsuite> <!-- A.Third -->
