<?xml version="1.0" encoding="UTF-8"?>
<!-- Generated by org.testng.reporters.JUnitReportReporter -->
<testsuite hostname="HpPoonam" failures="0" tests="1" name="A.Third" time="0.002" errors="0" timestamp="21 May 2024 16:39:13 GMT">
  <testcase classname="A.Third" name="m6" time="0.002"/>
</testsuite> <!-- A.Third -->
