<?xml version="1.0" encoding="UTF-8"?>
<!-- Generated by org.testng.reporters.JUnitReportReporter -->
<testsuite hostname="HpPoonam" failures="0" tests="1" name="A.Second" time="0.003" errors="0" timestamp="7 May 2024 16:55:43 GMT">
  <testcase classname="A.Second" name="m5" time="0.003"/>
</testsuite> <!-- A.Second -->
