<?xml version="1.0" encoding="UTF-8"?>
<!-- Generated by org.testng.reporters.JUnitReportReporter -->
<testsuite hostname="HpPoonam" failures="0" tests="2" name="A.LearnAnnotations" time="0.026" errors="0" timestamp="21 May 2024 16:46:16 GMT">
  <testcase classname="A.LearnAnnotations" name="testCase1" time="0.018"/>
  <testcase classname="A.LearnAnnotations" name="testCase2" time="0.008"/>
</testsuite> <!-- A.LearnAnnotations -->
