<?xml version="1.0" encoding="UTF-8"?>
<!-- Generated by org.testng.reporters.JUnitReportReporter -->
<testsuite hostname="HpPoonam" failures="0" tests="1" name="LearnTestNG.LearnPOM" time="0.687" errors="0" timestamp="14 May 2024 17:22:31 GMT">
  <testcase classname="LearnTestNG.LearnPOM" name="readExcelData" time="0.687"/>
</testsuite> <!-- LearnTestNG.LearnPOM -->
