<?xml version="1.0" encoding="UTF-8"?>
<!-- Generated by org.testng.reporters.JUnitReportReporter -->
<testsuite hostname="HpPoonam" failures="0" tests="1" name="LearnTestNG.LearnPOM" time="20.483" errors="0" timestamp="7 May 2024 17:26:36 GMT">
  <testcase classname="LearnTestNG.LearnPOM" name="testAutomationPracticeBlogspot" time="20.483"/>
</testsuite> <!-- LearnTestNG.LearnPOM -->
