<?xml version="1.0" encoding="UTF-8"?>
<!-- Generated by org.testng.reporters.JUnitReportReporter -->
<testsuite hostname="HpPoonam" failures="0" tests="2" name="A.First" time="0.018" errors="0" timestamp="21 May 2024 16:39:13 GMT">
  <testcase classname="A.First" name="m2" time="0.001"/>
  <testcase classname="A.First" name="m1" time="0.017"/>
</testsuite> <!-- A.First -->
